Terminals unused in grammar

   "error"


Grammar

    0 $accept: program $end

    1 program: declaration_list

    2 declaration_list: declaration_list declaration
    3                 | empty

    4 $@1: %empty

    5 declaration: "record" "identifier" $@1 "{" field_list "}"

    6 field_list: field_list field
    7           | empty

    8 field: "identifier" "=" "int constant" ";"

    9 empty: %empty


Terminals, with rules where they appear

$end (0) 0
error (256)
"=" (258) 8
"{" (259) 5
"}" (260) 5
";" (261) 8
"record" (262) 5
"int constant" (263) 8
"identifier" (264) 5 8
"error" (265)


Nonterminals, with rules where they appear

$accept (11)
    on left: 0
program (12)
    on left: 1, on right: 0
declaration_list (13)
    on left: 2 3, on right: 1 2
declaration (14)
    on left: 5, on right: 2
$@1 (15)
    on left: 4, on right: 5
field_list (16)
    on left: 6 7, on right: 5 6
field (17)
    on left: 8, on right: 6
empty (18)
    on left: 9, on right: 3 7


State 0

    0 $accept: . program $end

    $default  reduce using rule 9 (empty)

    program           go to state 1
    declaration_list  go to state 2
    empty             go to state 3


State 1

    0 $accept: program . $end

    $end  shift, and go to state 4


State 2

    1 program: declaration_list .
    2 declaration_list: declaration_list . declaration

    "record"  shift, and go to state 5

    $default  reduce using rule 1 (program)

    declaration  go to state 6


State 3

    3 declaration_list: empty .

    $default  reduce using rule 3 (declaration_list)


State 4

    0 $accept: program $end .

    $default  accept


State 5

    5 declaration: "record" . "identifier" $@1 "{" field_list "}"

    "identifier"  shift, and go to state 7


State 6

    2 declaration_list: declaration_list declaration .

    $default  reduce using rule 2 (declaration_list)


State 7

    5 declaration: "record" "identifier" . $@1 "{" field_list "}"

    $default  reduce using rule 4 ($@1)

    $@1  go to state 8


State 8

    5 declaration: "record" "identifier" $@1 . "{" field_list "}"

    "{"  shift, and go to state 9


State 9

    5 declaration: "record" "identifier" $@1 "{" . field_list "}"

    $default  reduce using rule 9 (empty)

    field_list  go to state 10
    empty       go to state 11


State 10

    5 declaration: "record" "identifier" $@1 "{" field_list . "}"
    6 field_list: field_list . field

    "}"           shift, and go to state 12
    "identifier"  shift, and go to state 13

    field  go to state 14


State 11

    7 field_list: empty .

    $default  reduce using rule 7 (field_list)


State 12

    5 declaration: "record" "identifier" $@1 "{" field_list "}" .

    $default  reduce using rule 5 (declaration)


State 13

    8 field: "identifier" . "=" "int constant" ";"

    "="  shift, and go to state 15


State 14

    6 field_list: field_list field .

    $default  reduce using rule 6 (field_list)


State 15

    8 field: "identifier" "=" . "int constant" ";"

    "int constant"  shift, and go to state 16


State 16

    8 field: "identifier" "=" "int constant" . ";"

    ";"  shift, and go to state 17


State 17

    8 field: "identifier" "=" "int constant" ";" .

    $default  reduce using rule 8 (field)
